# JRE version: Java(TM) SE Runtime Environment (8.0_121-b13) (build 1.8.0_121-b13)
# Java VM: Java HotSpot(TM) 64-Bit Server VM (25.121-b13 mixed mode windows-amd64 compressed oops)
Heap:
 PSYoungGen      total 438272K, used 175537K [0x00000000d5e00000, 0x00000000f6980000, 0x0000000100000000)
  eden space 402432K, 41% used [0x00000000d5e00000,0x00000000e007bad0,0x00000000ee700000)
  from space 35840K, 25% used [0x00000000ee700000,0x00000000eeff0a40,0x00000000f0a00000)
  to   space 35328K, 0% used [0x00000000f4700000,0x00000000f4700000,0x00000000f6980000)
 ParOldGen       total 168448K, used 63320K [0x0000000081a00000, 0x000000008be80000, 0x00000000d5e00000)
  object space 168448K, 37% used [0x0000000081a00000,0x00000000857d63c0,0x000000008be80000)
 Metaspace       used 59795K, capacity 62202K, committed 62488K, reserved 1103872K
  class space    used 7655K, capacity 8116K, committed 8224K, reserved 1048576K
GC Heap History (10 events):
Event: 12.069 GC heap before
{Heap before GC invocations=16 (full 2):
 PSYoungGen      total 273920K, used 270673K [0x00000000d5e00000, 0x00000000ec680000, 0x0000000100000000)
  eden space 251904K, 100% used [0x00000000d5e00000,0x00000000e5400000,0x00000000e5400000)
  from space 22016K, 85% used [0x00000000e5400000,0x00000000e66546f0,0x00000000e6980000)
  to   space 24064K, 0% used [0x00000000eaf00000,0x00000000eaf00000,0x00000000ec680000)
 ParOldGen       total 102400K, used 25130K [0x0000000081a00000, 0x0000000087e00000, 0x00000000d5e00000)
  object space 102400K, 24% used [0x0000000081a00000,0x000000008328a908,0x0000000087e00000)
 Metaspace       used 47841K, capacity 49434K, committed 49576K, reserved 1091584K
  class space    used 6131K, capacity 6467K, committed 6576K, reserved 1048576K
Event: 12.092 GC heap after
Heap after GC invocations=16 (full 2):
 PSYoungGen      total 342016K, used 23073K [0x00000000d5e00000, 0x00000000ed000000, 0x0000000100000000)
  eden space 317952K, 0% used [0x00000000d5e00000,0x00000000d5e00000,0x00000000e9480000)
  from space 24064K, 95% used [0x00000000eaf00000,0x00000000ec588710,0x00000000ec680000)
  to   space 27136K, 0% used [0x00000000e9480000,0x00000000e9480000,0x00000000eaf00000)
 ParOldGen       total 102400K, used 25138K [0x0000000081a00000, 0x0000000087e00000, 0x00000000d5e00000)
  object space 102400K, 24% used [0x0000000081a00000,0x000000008328c908,0x0000000087e00000)
 Metaspace       used 47841K, capacity 49434K, committed 49576K, reserved 1091584K
  class space    used 6131K, capacity 6467K, committed 6576K, reserved 1048576K
}
Event: 15.835 GC heap before
{Heap before GC invocations=17 (full 2):
 PSYoungGen      total 342016K, used 341025K [0x00000000d5e00000, 0x00000000ed000000, 0x0000000100000000)
  eden space 317952K, 100% used [0x00000000d5e00000,0x00000000e9480000,0x00000000e9480000)
  from space 24064K, 95% used [0x00000000eaf00000,0x00000000ec588710,0x00000000ec680000)
  to   space 27136K, 0% used [0x00000000e9480000,0x00000000e9480000,0x00000000eaf00000)
 ParOldGen       total 102400K, used 25138K [0x0000000081a00000, 0x0000000087e00000, 0x00000000d5e00000)
  object space 102400K, 24% used [0x0000000081a00000,0x000000008328c908,0x0000000087e00000)
 Metaspace       used 50357K, capacity 52156K, committed 52264K, reserved 1095680K
  class space    used 6321K, capacity 6654K, committed 6704K, reserved 1048576K
Event: 15.904 GC heap after
Heap after GC invocations=17 (full 2):
 PSYoungGen      total 345088K, used 27105K [0x00000000d5e00000, 0x00000000f2a00000, 0x0000000100000000)
  eden space 317952K, 0% used [0x00000000d5e00000,0x00000000d5e00000,0x00000000e9480000)
  from space 27136K, 99% used [0x00000000e9480000,0x00000000eaef8730,0x00000000eaf00000)
  to   space 32768K, 0% used [0x00000000f0a00000,0x00000000f0a00000,0x00000000f2a00000)
 ParOldGen       total 102400K, used 30429K [0x0000000081a00000, 0x0000000087e00000, 0x00000000d5e00000)
  object space 102400K, 29% used [0x0000000081a00000,0x00000000837b7510,0x0000000087e00000)
 Metaspace       used 50357K, capacity 52156K, committed 52264K, reserved 1095680K
  class space    used 6321K, capacity 6654K, committed 6704K, reserved 1048576K
}
Event: 18.269 GC heap before
{Heap before GC invocations=18 (full 2):
 PSYoungGen      total 345088K, used 259098K [0x00000000d5e00000, 0x00000000f2a00000, 0x0000000100000000)
  eden space 317952K, 72% used [0x00000000d5e00000,0x00000000e408e1c0,0x00000000e9480000)
  from space 27136K, 99% used [0x00000000e9480000,0x00000000eaef8730,0x00000000eaf00000)
  to   space 32768K, 0% used [0x00000000f0a00000,0x00000000f0a00000,0x00000000f2a00000)
 ParOldGen       total 102400K, used 30429K [0x0000000081a00000, 0x0000000087e00000, 0x00000000d5e00000)
  object space 102400K, 29% used [0x0000000081a00000,0x00000000837b7510,0x0000000087e00000)
 Metaspace       used 56811K, capacity 59058K, committed 59160K, reserved 1101824K
  class space    used 7209K, capacity 7642K, committed 7712K, reserved 1048576K
Event: 18.314 GC heap after
Heap after GC invocations=18 (full 2):
 PSYoungGen      total 435200K, used 27927K [0x00000000d5e00000, 0x00000000f2d80000, 0x0000000100000000)
  eden space 402432K, 0% used [0x00000000d5e00000,0x00000000d5e00000,0x00000000ee700000)
  from space 32768K, 85% used [0x00000000f0a00000,0x00000000f2545f80,0x00000000f2a00000)
  to   space 35840K, 0% used [0x00000000ee700000,0x00000000ee700000,0x00000000f0a00000)
 ParOldGen       total 102400K, used 41725K [0x0000000081a00000, 0x0000000087e00000, 0x00000000d5e00000)
  object space 102400K, 40% used [0x0000000081a00000,0x00000000842bf568,0x0000000087e00000)
 Metaspace       used 56811K, capacity 59058K, committed 59160K, reserved 1101824K
  class space    used 7209K, capacity 7642K, committed 7712K, reserved 1048576K
}
Event: 18.314 GC heap before
{Heap before GC invocations=19 (full 3):
 PSYoungGen      total 435200K, used 27927K [0x00000000d5e00000, 0x00000000f2d80000, 0x0000000100000000)
  eden space 402432K, 0% used [0x00000000d5e00000,0x00000000d5e00000,0x00000000ee700000)
  from space 32768K, 85% used [0x00000000f0a00000,0x00000000f2545f80,0x00000000f2a00000)
  to   space 35840K, 0% used [0x00000000ee700000,0x00000000ee700000,0x00000000f0a00000)
 ParOldGen       total 102400K, used 41725K [0x0000000081a00000, 0x0000000087e00000, 0x00000000d5e00000)
  object space 102400K, 40% used [0x0000000081a00000,0x00000000842bf568,0x0000000087e00000)
 Metaspace       used 56811K, capacity 59058K, committed 59160K, reserved 1101824K
  class space    used 7209K, capacity 7642K, committed 7712K, reserved 1048576K
Event: 18.650 GC heap after
Heap after GC invocations=19 (full 3):
 PSYoungGen      total 435200K, used 0K [0x00000000d5e00000, 0x00000000f2d80000, 0x0000000100000000)
  eden space 402432K, 0% used [0x00000000d5e00000,0x00000000d5e00000,0x00000000ee700000)
  from space 32768K, 0% used [0x00000000f0a00000,0x00000000f0a00000,0x00000000f2a00000)
  to   space 35840K, 0% used [0x00000000ee700000,0x00000000ee700000,0x00000000f0a00000)
 ParOldGen       total 168448K, used 63312K [0x0000000081a00000, 0x000000008be80000, 0x00000000d5e00000)
  object space 168448K, 37% used [0x0000000081a00000,0x00000000857d43c0,0x000000008be80000)
 Metaspace       used 56811K, capacity 59058K, committed 59160K, reserved 1101824K
  class space    used 7209K, capacity 7642K, committed 7712K, reserved 1048576K
}
Event: 21.240 GC heap before
{Heap before GC invocations=20 (full 3):
 PSYoungGen      total 435200K, used 402432K [0x00000000d5e00000, 0x00000000f2d80000, 0x0000000100000000)
  eden space 402432K, 100% used [0x00000000d5e00000,0x00000000ee700000,0x00000000ee700000)
  from space 32768K, 0% used [0x00000000f0a00000,0x00000000f0a00000,0x00000000f2a00000)
  to   space 35840K, 0% used [0x00000000ee700000,0x00000000ee700000,0x00000000f0a00000)
 ParOldGen       total 168448K, used 63312K [0x0000000081a00000, 0x000000008be80000, 0x00000000d5e00000)
  object space 168448K, 37% used [0x0000000081a00000,0x00000000857d43c0,0x000000008be80000)
 Metaspace       used 59714K, capacity 62100K, committed 62360K, reserved 1103872K
  class space    used 7652K, capacity 8083K, committed 8096K, reserved 1048576K
Event: 21.253 GC heap after
Heap after GC invocations=20 (full 3):
 PSYoungGen      total 438272K, used 9154K [0x00000000d5e00000, 0x00000000f6980000, 0x0000000100000000)
  eden space 402432K, 0% used [0x00000000d5e00000,0x00000000d5e00000,0x00000000ee700000)
  from space 35840K, 25% used [0x00000000ee700000,0x00000000eeff0a40,0x00000000f0a00000)
  to   space 35328K, 0% used [0x00000000f4700000,0x00000000f4700000,0x00000000f6980000)
 ParOldGen       total 168448K, used 63320K [0x0000000081a00000, 0x000000008be80000, 0x00000000d5e00000)
  object space 168448K, 37% used [0x0000000081a00000,0x00000000857d63c0,0x000000008be80000)
 Metaspace       used 59714K, capacity 62100K, committed 62360K, reserved 1103872K
  class space    used 7652K, capacity 8083K, committed 8096K, reserved 1048576K
}

